2026-05-03 01:09:38 URL:http://localhost:8765/ [11803/11803] -> "localhost:8765/index.html.tmp.tmp" [1]
http://localhost:8765/robots.txt:
2026-05-03 01:09:38 ERROR 404: File not found.
2026-05-03 01:09:38 URL:http://localhost:8765/common.css [3764/3764] -> "localhost:8765/common.css.tmp.tmp" [1]
2026-05-03 01:09:38 URL: http://localhost:8765/common.js 200 OK
unlink: No such file or directory
2026-05-03 01:09:38 URL: http://localhost:8765/common/spacer.gif 200 OK
unlink: No such file or directory
2026-05-03 01:09:38 URL: http://localhost:8765/common/hed_line.gif 200 OK
unlink: No such file or directory
2026-05-03 01:09:38 URL: http://localhost:8765/common/bg_main.gif 200 OK
unlink: No such file or directory
2026-05-03 01:09:38 URL: http://localhost:8765/img/t_mia.gif 200 OK
unlink: No such file or directory
2026-05-03 01:09:38 URL:http://localhost:8765/gallery/index.html [8858/8858] -> "localhost:8765/gallery/index.html.tmp.tmp" [1]
2026-05-03 01:09:38 URL: http://localhost:8765/common/b_gallery.gif 200 OK
unlink: No such file or directory
http://localhost:8765/falcoon/index.html:
Remote file does not exist -- broken link!!!
No data received.
2026-05-03 01:09:39 URL:http://localhost:8765/story/index.html [23047/23047] -> "localhost:8765/story/index.html.tmp.tmp" [2]
2026-05-03 01:09:39 URL: http://localhost:8765/common/b_story.gif 200 OK
unlink: No such file or directory
2026-05-03 01:09:39 URL:http://localhost:8765/hikaeshitsu/index.html [18706/18706] -> "localhost:8765/hikaeshitsu/index.html.tmp.tmp" [1]
2026-05-03 01:09:39 URL: http://localhost:8765/common/b_sento.gif 200 OK
unlink: No such file or directory
2026-05-03 01:09:39 URL: http://localhost:8765/img/p_sale.jpg 200 OK
unlink: No such file or directory
2026-05-03 01:09:39 URL: http://localhost:8765/img/top.jpg 200 OK
unlink: No such file or directory
2026-05-03 01:09:39 URL: http://localhost:8765/img/t_new.gif 200 OK
unlink: No such file or directory
2026-05-03 01:09:39 URL: http://localhost:8765/img/bg_new.jpg 200 OK
unlink: No such file or directory
2026-05-03 01:09:39 URL: http://localhost:8765/img/t_goods.gif 200 OK
unlink: No such file or directory
2026-05-03 01:09:39 URL: http://localhost:8765/img/bana_goods01.jpg 200 OK
unlink: No such file or directory
2026-05-03 01:09:39 URL: http://localhost:8765/img/bana_goods02.jpg 200 OK
unlink: No such file or directory
2026-05-03 01:09:39 URL: http://localhost:8765/common/bg_fot.gif 200 OK
unlink: No such file or directory
2026-05-03 01:09:39 URL: http://localhost:8765/common/bana_snkplaymore.gif 200 OK
unlink: No such file or directory
2026-05-03 01:09:39 URL: http://localhost:8765/common/copyright.gif 200 OK
unlink: No such file or directory
2026-05-03 01:09:39 URL: http://localhost:8765/common/bana_kofmira.jpg 200 OK
unlink: No such file or directory
2026-05-03 01:09:39 URL: http://localhost:8765/common/bana_kof.jpg 200 OK
unlink: No such file or directory
2026-05-03 01:09:39 URL: http://localhost:8765/common/fot.gif 200 OK
unlink: No such file or directory
2026-05-03 01:09:39 URL: http://localhost:8765/story/01/img/bg_story01.jpg 200 OK
unlink: No such file or directory
2026-05-03 01:09:39 URL: http://localhost:8765/story/02/img/bg_story02.jpg 200 OK
unlink: No such file or directory
2026-05-03 01:09:39 URL: http://localhost:8765/story/03/img/bg_story03.jpg 200 OK
unlink: No such file or directory
2026-05-03 01:09:39 URL: http://localhost:8765/story/04/img/bg_story04.jpg 200 OK
unlink: No such file or directory
2026-05-03 01:09:39 URL: http://localhost:8765/story/05/img/bg_story05.jpg 200 OK
unlink: No such file or directory
2026-05-03 01:09:39 URL: http://localhost:8765/story/06/img/bg_story06.jpg 200 OK
unlink: No such file or directory
2026-05-03 01:09:39 URL: http://localhost:8765/gallery/common/t_gallery.gif 200 OK
unlink: No such file or directory
2026-05-03 01:09:39 URL: http://localhost:8765/gallery/img/bg_gallery.jpg 200 OK
unlink: No such file or directory
2026-05-03 01:09:39 URL:http://localhost:8765/gallery/design/index.html [15115/15115] -> "localhost:8765/gallery/design/index.html.tmp.tmp" [1]
2026-05-03 01:09:39 URL: http://localhost:8765/gallery/img/b_design.jpg 200 OK
unlink: No such file or directory
2026-05-03 01:09:39 URL:http://localhost:8765/gallery/rough/index.html [22246/22246] -> "localhost:8765/gallery/rough/index.html.tmp.tmp" [1]
2026-05-03 01:09:39 URL: http://localhost:8765/gallery/img/b_rough.jpg 200 OK
unlink: No such file or directory
2026-05-03 01:09:39 URL: http://localhost:8765/gallery/img/b_topimage_f3.jpg 200 OK
unlink: No such file or directory
2026-05-03 01:09:39 URL: http://localhost:8765/story/img/t_story.gif 200 OK
unlink: No such file or directory
2026-05-03 01:09:39 URL: http://localhost:8765/story/img/p_story06.jpg 200 OK
unlink: No such file or directory
2026-05-03 01:09:39 URL: http://localhost:8765/story/img/t_story06.gif 200 OK
unlink: No such file or directory
2026-05-03 01:09:39 URL: http://localhost:8765/story/img/p_story05.jpg 200 OK
unlink: No such file or directory
2026-05-03 01:09:39 URL: http://localhost:8765/story/img/t_story05.gif 200 OK
unlink: No such file or directory
2026-05-03 01:09:39 URL: http://localhost:8765/story/img/p_story04.jpg 200 OK
unlink: No such file or directory
2026-05-03 01:09:39 URL: http://localhost:8765/story/img/t_story04.gif 200 OK
unlink: No such file or directory
2026-05-03 01:09:39 URL: http://localhost:8765/story/img/p_story03.jpg 200 OK
unlink: No such file or directory
2026-05-03 01:09:39 URL: http://localhost:8765/story/img/t_story03.gif 200 OK
unlink: No such file or directory
2026-05-03 01:09:39 URL: http://localhost:8765/story/img/p_story02.jpg 200 OK
unlink: No such file or directory
2026-05-03 01:09:39 URL: http://localhost:8765/story/img/t_story02.gif 200 OK
unlink: No such file or directory
2026-05-03 01:09:39 URL: http://localhost:8765/story/img/p_story01.jpg 200 OK
unlink: No such file or directory
2026-05-03 01:09:39 URL: http://localhost:8765/story/img/t_story01.gif 200 OK
unlink: No such file or directory
2026-05-03 01:09:39 URL: http://localhost:8765/common/b_pagetop.gif 200 OK
unlink: No such file or directory
2026-05-03 01:09:39 URL: http://localhost:8765/hikaeshitsu/img/t_hikaeshitsu.gif 200 OK
unlink: No such file or directory
2026-05-03 01:09:39 URL: http://localhost:8765/hikaeshitsu/img/line.gif 200 OK
unlink: No such file or directory
2026-05-03 01:09:39 URL: http://localhost:8765/hikaeshitsu/img/yajirushi.gif 200 OK
unlink: No such file or directory
2026-05-03 01:09:39 URL:http://localhost:8765/hikaeshitsu/09/index.html [57460/57460] -> "localhost:8765/hikaeshitsu/09/index.html.tmp.tmp" [1]
2026-05-03 01:09:39 URL: http://localhost:8765/common/p_new.gif 200 OK
unlink: No such file or directory
2026-05-03 01:09:39 URL:http://localhost:8765/hikaeshitsu/08/index.html [55843/55843] -> "localhost:8765/hikaeshitsu/08/index.html.tmp.tmp" [1]
2026-05-03 01:09:39 URL:http://localhost:8765/hikaeshitsu/07/index.html [54008/54008] -> "localhost:8765/hikaeshitsu/07/index.html.tmp.tmp" [1]
2026-05-03 01:09:39 URL:http://localhost:8765/hikaeshitsu/06/index.html [54344/54344] -> "localhost:8765/hikaeshitsu/06/index.html.tmp.tmp" [1]
Read error (Connection reset by peer) in headers.
2026-05-03 01:09:40 URL:http://localhost:8765/hikaeshitsu/05/index.html [54811/54811] -> "localhost:8765/hikaeshitsu/05/index.html.tmp.tmp" [2]
2026-05-03 01:09:40 URL:http://localhost:8765/hikaeshitsu/04/index.html [52837/52837] -> "localhost:8765/hikaeshitsu/04/index.html.tmp.tmp" [1]
No data received.
2026-05-03 01:09:41 URL:http://localhost:8765/hikaeshitsu/03/index.html [52913/52913] -> "localhost:8765/hikaeshitsu/03/index.html.tmp.tmp" [2]
2026-05-03 01:09:41 URL:http://localhost:8765/hikaeshitsu/02/index.html [54000/54000] -> "localhost:8765/hikaeshitsu/02/index.html.tmp.tmp" [1]
2026-05-03 01:09:41 URL:http://localhost:8765/hikaeshitsu/01/index.html [57939/57939] -> "localhost:8765/hikaeshitsu/01/index.html.tmp.tmp" [1]
2026-05-03 01:09:41 URL: http://localhost:8765/hikaeshitsu/img/bg_hikaeshitsu.gif 200 OK
unlink: No such file or directory
2026-05-03 01:09:41 URL: http://localhost:8765/hikaeshitsu/img/b_flash.gif 200 OK
unlink: No such file or directory
2026-05-03 01:09:41 URL: http://localhost:8765/gallery/common/b_design.gif 200 OK
unlink: No such file or directory
2026-05-03 01:09:41 URL: http://localhost:8765/gallery/common/b_rough.gif 200 OK
unlink: No such file or directory
2026-05-03 01:09:41 URL: http://localhost:8765/gallery/common/b_topimage_f3.gif 200 OK
unlink: No such file or directory
2026-05-03 01:09:41 URL: http://localhost:8765/gallery/design/img/t_design.gif 200 OK
unlink: No such file or directory
2026-05-03 01:09:41 URL: http://localhost:8765/gallery/design/img/p_mary1.jpg 200 OK
unlink: No such file or directory
2026-05-03 01:09:41 URL: http://localhost:8765/gallery/design/img/p_mary2.jpg 200 OK
unlink: No such file or directory
2026-05-03 01:09:41 URL: http://localhost:8765/gallery/design/img/p_xao1.jpg 200 OK
unlink: No such file or directory
2026-05-03 01:09:41 URL: http://localhost:8765/gallery/design/img/p_xao2.jpg 200 OK
unlink: No such file or directory
2026-05-03 01:09:41 URL: http://localhost:8765/gallery/design/img/p_ash1.jpg 200 OK
unlink: No such file or directory
2026-05-03 01:09:41 URL: http://localhost:8765/gallery/design/img/p_ash2.jpg 200 OK
unlink: No such file or directory
2026-05-03 01:09:41 URL: http://localhost:8765/gallery/rough/img/t_rough.gif 200 OK
unlink: No such file or directory
2026-05-03 01:09:41 URL: http://localhost:8765/gallery/rough/img/p_other3.jpg 200 OK
unlink: No such file or directory
2026-05-03 01:09:41 URL: http://localhost:8765/gallery/rough/img/p_other4.jpg 200 OK
unlink: No such file or directory
2026-05-03 01:09:41 URL: http://localhost:8765/gallery/rough/img/p_other1.jpg 200 OK
unlink: No such file or directory
2026-05-03 01:09:41 URL: http://localhost:8765/gallery/rough/img/p_other2.jpg 200 OK
unlink: No such file or directory
2026-05-03 01:09:41 URL: http://localhost:8765/gallery/rough/img/p_mizo1.jpg 200 OK
unlink: No such file or directory
2026-05-03 01:09:41 URL: http://localhost:8765/gallery/rough/img/p_mizo2.jpg 200 OK
unlink: No such file or directory
2026-05-03 01:09:41 URL: http://localhost:8765/gallery/rough/img/p_mizo3.jpg 200 OK
unlink: No such file or directory
2026-05-03 01:09:41 URL: http://localhost:8765/gallery/rough/img/p_mizo4.jpg 200 OK
unlink: No such file or directory
2026-05-03 01:09:41 URL: http://localhost:8765/gallery/rough/img/p_xao1.jpg 200 OK
unlink: No such file or directory
2026-05-03 01:09:41 URL: http://localhost:8765/gallery/rough/img/p_xao2.jpg 200 OK
unlink: No such file or directory
2026-05-03 01:09:41 URL: http://localhost:8765/gallery/rough/img/p_xao3.jpg 200 OK
unlink: No such file or directory
2026-05-03 01:09:41 URL: http://localhost:8765/gallery/rough/img/p_xao4.jpg 200 OK
unlink: No such file or directory
2026-05-03 01:09:41 URL: http://localhost:8765/gallery/rough/img/p_xao5.jpg 200 OK
unlink: No such file or directory
2026-05-03 01:09:41 URL: http://localhost:8765/gallery/rough/img/p_xao6.jpg 200 OK
unlink: No such file or directory
2026-05-03 01:09:41 URL: http://localhost:8765/gallery/rough/img/p_xao7.jpg 200 OK
unlink: No such file or directory
2026-05-03 01:09:41 URL: http://localhost:8765/gallery/rough/img/p_xao8.jpg 200 OK
unlink: No such file or directory
2026-05-03 01:09:41 URL: http://localhost:8765/gallery/rough/img/p_xao9.jpg 200 OK
unlink: No such file or directory
2026-05-03 01:09:41 URL: http://localhost:8765/gallery/rough/img/p_ash1.jpg 200 OK
unlink: No such file or directory
2026-05-03 01:09:41 URL: http://localhost:8765/gallery/rough/img/p_ash2.jpg 200 OK
unlink: No such file or directory
2026-05-03 01:09:41 URL: http://localhost:8765/Scripts/AC_RunActiveContent.js 200 OK
unlink: No such file or directory
2026-05-03 01:09:41 URL: http://localhost:8765/system/ruffle/ruffle.js 200 OK
unlink: No such file or directory
2026-05-03 01:09:41 URL: http://localhost:8765/hikaeshitsu/09/img/t_09.gif 200 OK
unlink: No such file or directory
2026-05-03 01:09:41 URL: http://localhost:8765/hikaeshitsu/common/line.gif 200 OK
unlink: No such file or directory
2026-05-03 01:09:41 URL:http://localhost:8765/hikaeshitsu/09/index2.html [50795/50795] -> "localhost:8765/hikaeshitsu/09/index2.html.tmp.tmp" [1]
2026-05-03 01:09:41 URL:http://localhost:8765/hikaeshitsu/09/index3.html [49100/49100] -> "localhost:8765/hikaeshitsu/09/index3.html.tmp.tmp" [1]
2026-05-03 01:09:41 URL:http://localhost:8765/hikaeshitsu/09/index4.html [49776/49776] -> "localhost:8765/hikaeshitsu/09/index4.html.tmp.tmp" [1]
2026-05-03 01:09:41 URL: http://localhost:8765/hikaeshitsu/common/face_staff-a01_w.gif 200 OK
unlink: No such file or directory
2026-05-03 01:09:41 URL: http://localhost:8765/hikaeshitsu/common/face_staff-b02_w.gif 200 OK
unlink: No such file or directory
2026-05-03 01:09:41 URL: http://localhost:8765/hikaeshitsu/common/face_staff-b01_w.gif 200 OK
unlink: No such file or directory
2026-05-03 01:09:41 URL: http://localhost:8765/hikaeshitsu/09/img/t_ash01.gif 200 OK
unlink: No such file or directory
2026-05-03 01:09:41 URL: http://localhost:8765/hikaeshitsu/09/img/pv_ash01.swf 200 OK
unlink: No such file or directory
2026-05-03 01:09:41 URL: http://localhost:8765/hikaeshitsu/common/face_staff-a04.gif 200 OK
unlink: No such file or directory
2026-05-03 01:09:41 URL: http://localhost:8765/hikaeshitsu/common/face_staff-b01.gif 200 OK
unlink: No such file or directory
2026-05-03 01:09:41 URL: http://localhost:8765/hikaeshitsu/common/face_staff-a01.gif 200 OK
unlink: No such file or directory
2026-05-03 01:09:41 URL: http://localhost:8765/hikaeshitsu/09/img/t_ash02.gif 200 OK
unlink: No such file or directory
2026-05-03 01:09:41 URL: http://localhost:8765/hikaeshitsu/09/img/pv_ash02.swf 200 OK
unlink: No such file or directory
2026-05-03 01:09:41 URL: http://localhost:8765/hikaeshitsu/common/face_staff-a02.gif 200 OK
unlink: No such file or directory
2026-05-03 01:09:41 URL: http://localhost:8765/hikaeshitsu/09/img/t_ash03.gif 200 OK
unlink: No such file or directory
2026-05-03 01:09:41 URL: http://localhost:8765/hikaeshitsu/09/img/pv_ash03.swf 200 OK
unlink: No such file or directory
2026-05-03 01:09:41 URL: http://localhost:8765/hikaeshitsu/common/face_staff-b02.gif 200 OK
unlink: No such file or directory
2026-05-03 01:09:41 URL: http://localhost:8765/hikaeshitsu/09/img/t_ash04.gif 200 OK
unlink: No such file or directory
2026-05-03 01:09:41 URL: http://localhost:8765/hikaeshitsu/09/img/pv_ash04.swf 200 OK
unlink: No such file or directory
2026-05-03 01:09:41 URL: http://localhost:8765/hikaeshitsu/09/img/t_ash05.gif 200 OK
unlink: No such file or directory
2026-05-03 01:09:41 URL: http://localhost:8765/hikaeshitsu/09/img/pv_ash05.swf 200 OK
unlink: No such file or directory
2026-05-03 01:09:41 URL: http://localhost:8765/hikaeshitsu/common/face_staff-b03.gif 200 OK
unlink: No such file or directory
2026-05-03 01:09:41 URL: http://localhost:8765/hikaeshitsu/common/b_next.gif 200 OK
unlink: No such file or directory
2026-05-03 01:09:41 URL: http://localhost:8765/hikaeshitsu/08/img/t_08.gif 200 OK
unlink: No such file or directory
No data received.
2026-05-03 01:09:42 URL:http://localhost:8765/hikaeshitsu/08/index2.html [47717/47717] -> "localhost:8765/hikaeshitsu/08/index2.html.tmp.tmp" [2]
2026-05-03 01:09:42 URL:http://localhost:8765/hikaeshitsu/08/index3.html [49261/49261] -> "localhost:8765/hikaeshitsu/08/index3.html.tmp.tmp" [1]
2026-05-03 01:09:42 URL:http://localhost:8765/hikaeshitsu/08/index4.html [46856/46856] -> "localhost:8765/hikaeshitsu/08/index4.html.tmp.tmp" [1]
2026-05-03 01:09:42 URL: http://localhost:8765/hikaeshitsu/08/img/t_iori01.gif 200 OK
unlink: No such file or directory
2026-05-03 01:09:42 URL: http://localhost:8765/hikaeshitsu/08/img/pv_iori01.swf 200 OK
unlink: No such file or directory
2026-05-03 01:09:42 URL: http://localhost:8765/hikaeshitsu/08/img/t_iori02.gif 200 OK
unlink: No such file or directory
2026-05-03 01:09:42 URL: http://localhost:8765/hikaeshitsu/08/img/pv_iori02.swf 200 OK
unlink: No such file or directory
2026-05-03 01:09:42 URL: http://localhost:8765/hikaeshitsu/08/img/t_iori03.gif 200 OK
unlink: No such file or directory
2026-05-03 01:09:42 URL: http://localhost:8765/hikaeshitsu/08/img/pv_iori03.swf 200 OK
unlink: No such file or directory
Read error (Connection reset by peer) in headers.
2026-05-03 01:09:43 URL: http://localhost:8765/hikaeshitsu/08/img/t_iori04.gif 200 OK
unlink: No such file or directory
2026-05-03 01:09:43 URL: http://localhost:8765/hikaeshitsu/08/img/pv_iori04.swf 200 OK
unlink: No such file or directory
2026-05-03 01:09:43 URL: http://localhost:8765/hikaeshitsu/08/img/t_iori05.gif 200 OK
unlink: No such file or directory
2026-05-03 01:09:43 URL: http://localhost:8765/hikaeshitsu/08/img/pv_iori05.swf 200 OK
unlink: No such file or directory
2026-05-03 01:09:43 URL: http://localhost:8765/hikaeshitsu/07/img/t_07.gif 200 OK
unlink: No such file or directory
2026-05-03 01:09:43 URL:http://localhost:8765/hikaeshitsu/07/index2.html [49801/49801] -> "localhost:8765/hikaeshitsu/07/index2.html.tmp.tmp" [1]
2026-05-03 01:09:43 URL:http://localhost:8765/hikaeshitsu/07/index3.html [48618/48618] -> "localhost:8765/hikaeshitsu/07/index3.html.tmp.tmp" [1]
2026-05-03 01:09:43 URL:http://localhost:8765/hikaeshitsu/07/index4.html [49152/49152] -> "localhost:8765/hikaeshitsu/07/index4.html.tmp.tmp" [1]
2026-05-03 01:09:43 URL:http://localhost:8765/hikaeshitsu/07/index5.html [52172/52172] -> "localhost:8765/hikaeshitsu/07/index5.html.tmp.tmp" [1]
2026-05-03 01:09:43 URL: http://localhost:8765/hikaeshitsu/07/img/t_leona01.gif 200 OK
unlink: No such file or directory
2026-05-03 01:09:43 URL: http://localhost:8765/hikaeshitsu/07/img/pv_leona01.swf 200 OK
unlink: No such file or directory
2026-05-03 01:09:43 URL: http://localhost:8765/hikaeshitsu/07/img/t_leona02.gif 200 OK
unlink: No such file or directory
No data received.
2026-05-03 01:09:44 URL: http://localhost:8765/hikaeshitsu/07/img/pv_leona02.swf 200 OK
unlink: No such file or directory
2026-05-03 01:09:44 URL: http://localhost:8765/hikaeshitsu/07/img/t_leona03.gif 200 OK
unlink: No such file or directory
2026-05-03 01:09:44 URL: http://localhost:8765/hikaeshitsu/07/img/pv_leona03.swf 200 OK
unlink: No such file or directory
2026-05-03 01:09:44 URL: http://localhost:8765/hikaeshitsu/07/img/t_leona04.gif 200 OK
unlink: No such file or directory
2026-05-03 01:09:44 URL: http://localhost:8765/hikaeshitsu/07/img/pv_leona04.swf 200 OK
unlink: No such file or directory
2026-05-03 01:09:44 URL: http://localhost:8765/hikaeshitsu/07/img/t_leona05.gif 200 OK
unlink: No such file or directory
2026-05-03 01:09:44 URL: http://localhost:8765/hikaeshitsu/07/img/pv_leona05.swf 200 OK
unlink: No such file or directory
2026-05-03 01:09:44 URL: http://localhost:8765/hikaeshitsu/06/img/t_06.gif 200 OK
unlink: No such file or directory
2026-05-03 01:09:44 URL:http://localhost:8765/hikaeshitsu/06/index2.html [47894/47894] -> "localhost:8765/hikaeshitsu/06/index2.html.tmp.tmp" [1]
2026-05-03 01:09:44 URL:http://localhost:8765/hikaeshitsu/06/index3.html [50506/50506] -> "localhost:8765/hikaeshitsu/06/index3.html.tmp.tmp" [1]
2026-05-03 01:09:44 URL:http://localhost:8765/hikaeshitsu/06/index4.html [48367/48367] -> "localhost:8765/hikaeshitsu/06/index4.html.tmp.tmp" [1]
2026-05-03 01:09:44 URL:http://localhost:8765/hikaeshitsu/06/index5.html [48261/48261] -> "localhost:8765/hikaeshitsu/06/index5.html.tmp.tmp" [1]
2026-05-03 01:09:44 URL: http://localhost:8765/hikaeshitsu/06/img/t_lilly01.gif 200 OK
unlink: No such file or directory
2026-05-03 01:09:44 URL: http://localhost:8765/hikaeshitsu/06/img/pv_lilly01.swf 200 OK
unlink: No such file or directory
2026-05-03 01:09:44 URL: http://localhost:8765/hikaeshitsu/06/img/t_lilly02.gif 200 OK
unlink: No such file or directory
2026-05-03 01:09:44 URL: http://localhost:8765/hikaeshitsu/06/img/pv_lilly02.swf 200 OK
unlink: No such file or directory
2026-05-03 01:09:44 URL: http://localhost:8765/hikaeshitsu/06/img/t_lilly03.gif 200 OK
unlink: No such file or directory
2026-05-03 01:09:44 URL: http://localhost:8765/hikaeshitsu/06/img/pv_lilly03.swf 200 OK
unlink: No such file or directory
2026-05-03 01:09:44 URL: http://localhost:8765/hikaeshitsu/06/img/t_lilly04.gif 200 OK
unlink: No such file or directory
2026-05-03 01:09:44 URL: http://localhost:8765/hikaeshitsu/06/img/pv_lilly04.swf 200 OK
unlink: No such file or directory
2026-05-03 01:09:44 URL: http://localhost:8765/hikaeshitsu/06/img/t_lilly05.gif 200 OK
unlink: No such file or directory
2026-05-03 01:09:44 URL: http://localhost:8765/hikaeshitsu/06/img/pv_lilly05.swf 200 OK
unlink: No such file or directory
2026-05-03 01:09:44 URL: http://localhost:8765/hikaeshitsu/05/img/t_05.gif 200 OK
unlink: No such file or directory
2026-05-03 01:09:44 URL:http://localhost:8765/hikaeshitsu/05/index2.html [48161/48161] -> "localhost:8765/hikaeshitsu/05/index2.html.tmp.tmp" [1]
2026-05-03 01:09:44 URL:http://localhost:8765/hikaeshitsu/05/index3.html [48916/48916] -> "localhost:8765/hikaeshitsu/05/index3.html.tmp.tmp" [1]
2026-05-03 01:09:44 URL:http://localhost:8765/hikaeshitsu/05/index4.html [48822/48822] -> "localhost:8765/hikaeshitsu/05/index4.html.tmp.tmp" [1]
2026-05-03 01:09:44 URL:http://localhost:8765/hikaeshitsu/05/index5.html [50571/50571] -> "localhost:8765/hikaeshitsu/05/index5.html.tmp.tmp" [1]
2026-05-03 01:09:44 URL: http://localhost:8765/hikaeshitsu/05/img/t_terry01.gif 200 OK
unlink: No such file or directory
2026-05-03 01:09:44 URL: http://localhost:8765/hikaeshitsu/05/img/pv_terry01.swf 200 OK
unlink: No such file or directory
2026-05-03 01:09:44 URL: http://localhost:8765/hikaeshitsu/05/img/t_terry02.gif 200 OK
unlink: No such file or directory
2026-05-03 01:09:44 URL: http://localhost:8765/hikaeshitsu/05/img/pv_terry02.swf 200 OK
unlink: No such file or directory
2026-05-03 01:09:44 URL: http://localhost:8765/hikaeshitsu/05/img/t_terry03.gif 200 OK
unlink: No such file or directory
2026-05-03 01:09:44 URL: http://localhost:8765/hikaeshitsu/05/img/pv_terry03.swf 200 OK
unlink: No such file or directory
2026-05-03 01:09:44 URL: http://localhost:8765/hikaeshitsu/05/img/t_terry04.gif 200 OK
unlink: No such file or directory
2026-05-03 01:09:45 URL: http://localhost:8765/hikaeshitsu/05/img/pv_terry04.swf 200 OK
unlink: No such file or directory
2026-05-03 01:09:45 URL: http://localhost:8765/hikaeshitsu/05/img/t_terry05.gif 200 OK
unlink: No such file or directory
2026-05-03 01:09:45 URL: http://localhost:8765/hikaeshitsu/05/img/pv_terry05.swf 200 OK
unlink: No such file or directory
2026-05-03 01:09:45 URL: http://localhost:8765/hikaeshitsu/04/img/t_04.gif 200 OK
unlink: No such file or directory
2026-05-03 01:09:45 URL:http://localhost:8765/hikaeshitsu/04/index2.html [49955/49955] -> "localhost:8765/hikaeshitsu/04/index2.html.tmp.tmp" [1]
2026-05-03 01:09:45 URL:http://localhost:8765/hikaeshitsu/04/index3.html [48278/48278] -> "localhost:8765/hikaeshitsu/04/index3.html.tmp.tmp" [1]
2026-05-03 01:09:45 URL:http://localhost:8765/hikaeshitsu/04/index4.html [48534/48534] -> "localhost:8765/hikaeshitsu/04/index4.html.tmp.tmp" [1]
2026-05-03 01:09:45 URL:http://localhost:8765/hikaeshitsu/04/index5.html [48856/48856] -> "localhost:8765/hikaeshitsu/04/index5.html.tmp.tmp" [1]
2026-05-03 01:09:45 URL: http://localhost:8765/hikaeshitsu/04/img/t_athena01.gif 200 OK
unlink: No such file or directory
2026-05-03 01:09:45 URL: http://localhost:8765/hikaeshitsu/04/img/pv_athena01.swf 200 OK
unlink: No such file or directory
2026-05-03 01:09:45 URL: http://localhost:8765/hikaeshitsu/04/img/t_athena02.gif 200 OK
unlink: No such file or directory
2026-05-03 01:09:45 URL: http://localhost:8765/hikaeshitsu/04/img/pv_athena02.swf 200 OK
unlink: No such file or directory
2026-05-03 01:09:45 URL: http://localhost:8765/hikaeshitsu/04/img/t_athena03.gif 200 OK
unlink: No such file or directory
2026-05-03 01:09:45 URL: http://localhost:8765/hikaeshitsu/04/img/pv_athena03.swf 200 OK
unlink: No such file or directory
2026-05-03 01:09:45 URL: http://localhost:8765/hikaeshitsu/04/img/t_athena04.gif 200 OK
unlink: No such file or directory
2026-05-03 01:09:45 URL: http://localhost:8765/hikaeshitsu/04/img/pv_athena04.swf 200 OK
unlink: No such file or directory
2026-05-03 01:09:45 URL: http://localhost:8765/hikaeshitsu/04/img/t_athena05.gif 200 OK
unlink: No such file or directory
2026-05-03 01:09:45 URL: http://localhost:8765/hikaeshitsu/04/img/pv_athena05.swf 200 OK
unlink: No such file or directory
2026-05-03 01:09:45 URL: http://localhost:8765/hikaeshitsu/03/img/t_03.gif 200 OK
unlink: No such file or directory
2026-05-03 01:09:45 URL:http://localhost:8765/hikaeshitsu/03/index2.html [46774/46774] -> "localhost:8765/hikaeshitsu/03/index2.html.tmp.tmp" [1]
2026-05-03 01:09:45 URL:http://localhost:8765/hikaeshitsu/03/index3.html [47735/47735] -> "localhost:8765/hikaeshitsu/03/index3.html.tmp.tmp" [1]
2026-05-03 01:09:45 URL:http://localhost:8765/hikaeshitsu/03/index4.html [47268/47268] -> "localhost:8765/hikaeshitsu/03/index4.html.tmp.tmp" [1]
2026-05-03 01:09:45 URL:http://localhost:8765/hikaeshitsu/03/index5.html [49585/49585] -> "localhost:8765/hikaeshitsu/03/index5.html.tmp.tmp" [1]
2026-05-03 01:09:45 URL: http://localhost:8765/hikaeshitsu/03/img/t_karate01.gif 200 OK
unlink: No such file or directory
2026-05-03 01:09:45 URL: http://localhost:8765/hikaeshitsu/03/img/pv_karate01.swf 200 OK
unlink: No such file or directory
2026-05-03 01:09:45 URL: http://localhost:8765/hikaeshitsu/03/img/t_karate02.gif 200 OK
unlink: No such file or directory
2026-05-03 01:09:45 URL: http://localhost:8765/hikaeshitsu/03/img/pv_karate02.swf 200 OK
unlink: No such file or directory
2026-05-03 01:09:45 URL: http://localhost:8765/hikaeshitsu/03/img/t_karate03.gif 200 OK
unlink: No such file or directory
2026-05-03 01:09:45 URL: http://localhost:8765/hikaeshitsu/03/img/pv_karate03.swf 200 OK
unlink: No such file or directory
2026-05-03 01:09:45 URL: http://localhost:8765/hikaeshitsu/03/img/t_karate04.gif 200 OK
unlink: No such file or directory
2026-05-03 01:09:45 URL: http://localhost:8765/hikaeshitsu/03/img/pv_karate04.swf 200 OK
unlink: No such file or directory
2026-05-03 01:09:45 URL: http://localhost:8765/hikaeshitsu/03/img/t_karate05.gif 200 OK
unlink: No such file or directory
2026-05-03 01:09:45 URL: http://localhost:8765/hikaeshitsu/03/img/pv_karate05.swf 200 OK
unlink: No such file or directory
2026-05-03 01:09:45 URL: http://localhost:8765/hikaeshitsu/02/img/t_02.gif 200 OK
unlink: No such file or directory
2026-05-03 01:09:45 URL:http://localhost:8765/hikaeshitsu/02/index2.html [49634/49634] -> "localhost:8765/hikaeshitsu/02/index2.html.tmp.tmp" [1]
2026-05-03 01:09:45 URL:http://localhost:8765/hikaeshitsu/02/index3.html [49120/49120] -> "localhost:8765/hikaeshitsu/02/index3.html.tmp.tmp" [1]
2026-05-03 01:09:45 URL:http://localhost:8765/hikaeshitsu/02/index4.html [47968/47968] -> "localhost:8765/hikaeshitsu/02/index4.html.tmp.tmp" [1]
2026-05-03 01:09:45 URL:http://localhost:8765/hikaeshitsu/02/index5.html [48625/48625] -> "localhost:8765/hikaeshitsu/02/index5.html.tmp.tmp" [1]
2026-05-03 01:09:45 URL: http://localhost:8765/hikaeshitsu/02/img/t_k01.gif 200 OK
unlink: No such file or directory
2026-05-03 01:09:45 URL: http://localhost:8765/hikaeshitsu/02/img/pv_k01.swf 200 OK
unlink: No such file or directory
2026-05-03 01:09:45 URL: http://localhost:8765/hikaeshitsu/02/img/t_k02.gif 200 OK
unlink: No such file or directory
2026-05-03 01:09:45 URL: http://localhost:8765/hikaeshitsu/02/img/pv_k02.swf 200 OK
unlink: No such file or directory
2026-05-03 01:09:45 URL: http://localhost:8765/hikaeshitsu/02/img/t_k03.gif 200 OK
unlink: No such file or directory
2026-05-03 01:09:45 URL: http://localhost:8765/hikaeshitsu/02/img/pv_k03.swf 200 OK
unlink: No such file or directory
2026-05-03 01:09:45 URL: http://localhost:8765/hikaeshitsu/common/face_staff-b05.gif 200 OK
unlink: No such file or directory
2026-05-03 01:09:45 URL: http://localhost:8765/hikaeshitsu/02/img/t_k04.gif 200 OK
unlink: No such file or directory
2026-05-03 01:09:45 URL: http://localhost:8765/hikaeshitsu/02/img/pv_k04.swf 200 OK
unlink: No such file or directory
2026-05-03 01:09:45 URL: http://localhost:8765/hikaeshitsu/02/img/t_k05.gif 200 OK
unlink: No such file or directory
2026-05-03 01:09:45 URL: http://localhost:8765/hikaeshitsu/02/img/pv_k05.swf 200 OK
unlink: No such file or directory
2026-05-03 01:09:45 URL: http://localhost:8765/hikaeshitsu/01/img/t_01.gif 200 OK
unlink: No such file or directory
2026-05-03 01:09:45 URL:http://localhost:8765/hikaeshitsu/01/index2.html [47778/47778] -> "localhost:8765/hikaeshitsu/01/index2.html.tmp.tmp" [1]
2026-05-03 01:09:45 URL:http://localhost:8765/hikaeshitsu/01/index3.html [46571/46571] -> "localhost:8765/hikaeshitsu/01/index3.html.tmp.tmp" [1]
2026-05-03 01:09:45 URL: http://localhost:8765/hikaeshitsu/common/face_staff-a04_w.gif 200 OK
unlink: No such file or directory
2026-05-03 01:09:45 URL: http://localhost:8765/hikaeshitsu/01/img/t_alba01.gif 200 OK
unlink: No such file or directory
2026-05-03 01:09:45 URL: http://localhost:8765/hikaeshitsu/01/img/pv_alba01.swf 200 OK
unlink: No such file or directory
2026-05-03 01:09:45 URL: http://localhost:8765/hikaeshitsu/01/img/t_alba02.gif 200 OK
unlink: No such file or directory
2026-05-03 01:09:45 URL: http://localhost:8765/hikaeshitsu/01/img/pv_alba02.swf 200 OK
unlink: No such file or directory
2026-05-03 01:09:45 URL: http://localhost:8765/hikaeshitsu/01/img/t_alba03.gif 200 OK
unlink: No such file or directory
2026-05-03 01:09:45 URL: http://localhost:8765/hikaeshitsu/01/img/pv_alba03.swf 200 OK
unlink: No such file or directory
2026-05-03 01:09:45 URL: http://localhost:8765/hikaeshitsu/01/img/t_alba04.gif 200 OK
unlink: No such file or directory
2026-05-03 01:09:45 URL: http://localhost:8765/hikaeshitsu/01/img/pv_alba04.swf 200 OK
unlink: No such file or directory
2026-05-03 01:09:45 URL: http://localhost:8765/hikaeshitsu/01/img/t_alba05.gif 200 OK
unlink: No such file or directory
2026-05-03 01:09:45 URL: http://localhost:8765/hikaeshitsu/01/img/pv_alba05.swf 200 OK
unlink: No such file or directory
2026-05-03 01:09:45 URL: http://localhost:8765/hikaeshitsu/09/img/t_mary01.gif 200 OK
unlink: No such file or directory
2026-05-03 01:09:45 URL: http://localhost:8765/hikaeshitsu/09/img/pv_mary01.swf 200 OK
unlink: No such file or directory
2026-05-03 01:09:45 URL: http://localhost:8765/hikaeshitsu/common/face_staff-b04.gif 200 OK
unlink: No such file or directory
2026-05-03 01:09:45 URL: http://localhost:8765/hikaeshitsu/09/img/t_mary02.gif 200 OK
unlink: No such file or directory
2026-05-03 01:09:45 URL: http://localhost:8765/hikaeshitsu/09/img/pv_mary02.swf 200 OK
unlink: No such file or directory
2026-05-03 01:09:45 URL: http://localhost:8765/hikaeshitsu/09/img/t_mary03.gif 200 OK
unlink: No such file or directory
2026-05-03 01:09:45 URL: http://localhost:8765/hikaeshitsu/09/img/pv_mary03.swf 200 OK
unlink: No such file or directory
2026-05-03 01:09:45 URL: http://localhost:8765/hikaeshitsu/09/img/t_mary04.gif 200 OK
unlink: No such file or directory
2026-05-03 01:09:45 URL: http://localhost:8765/hikaeshitsu/09/img/pv_mary04.swf 200 OK
unlink: No such file or directory
2026-05-03 01:09:45 URL: http://localhost:8765/hikaeshitsu/09/img/t_mary05.gif 200 OK
unlink: No such file or directory
2026-05-03 01:09:45 URL: http://localhost:8765/hikaeshitsu/09/img/pv_mary05.swf 200 OK
unlink: No such file or directory
2026-05-03 01:09:45 URL: http://localhost:8765/hikaeshitsu/09/img/t_xiaolon01.gif 200 OK
unlink: No such file or directory
2026-05-03 01:09:45 URL: http://localhost:8765/hikaeshitsu/09/img/pv_xiaolon01.swf 200 OK
unlink: No such file or directory
2026-05-03 01:09:45 URL: http://localhost:8765/hikaeshitsu/09/img/t_xiaolon02.gif 200 OK
unlink: No such file or directory
2026-05-03 01:09:45 URL: http://localhost:8765/hikaeshitsu/09/img/pv_xiaolon02.swf 200 OK
unlink: No such file or directory
2026-05-03 01:09:45 URL: http://localhost:8765/hikaeshitsu/09/img/t_xiaolon03.gif 200 OK
unlink: No such file or directory
2026-05-03 01:09:45 URL: http://localhost:8765/hikaeshitsu/09/img/pv_xiaolon03.swf 200 OK
unlink: No such file or directory
2026-05-03 01:09:45 URL: http://localhost:8765/hikaeshitsu/09/img/p_txt01.gif 200 OK
unlink: No such file or directory
2026-05-03 01:09:45 URL: http://localhost:8765/hikaeshitsu/09/img/p_txt02.gif 200 OK
unlink: No such file or directory
2026-05-03 01:09:45 URL: http://localhost:8765/hikaeshitsu/09/img/p_txt03.gif 200 OK
unlink: No such file or directory
Read error (Connection reset by peer) in headers.
2026-05-03 01:09:46 URL: http://localhost:8765/hikaeshitsu/09/img/t_xiaolon04.gif 200 OK
unlink: No such file or directory
2026-05-03 01:09:46 URL: http://localhost:8765/hikaeshitsu/09/img/pv_xiaolon04.swf 200 OK
unlink: No such file or directory
2026-05-03 01:09:46 URL: http://localhost:8765/hikaeshitsu/09/img/t_xiaolon05.gif 200 OK
unlink: No such file or directory
2026-05-03 01:09:46 URL: http://localhost:8765/hikaeshitsu/09/img/pv_xiaolon05.swf 200 OK
unlink: No such file or directory
2026-05-03 01:09:46 URL: http://localhost:8765/hikaeshitsu/09/img/t_mizoguchi01.gif 200 OK
unlink: No such file or directory
2026-05-03 01:09:46 URL: http://localhost:8765/hikaeshitsu/09/img/pv_mizoguchi01.swf 200 OK
unlink: No such file or directory
2026-05-03 01:09:46 URL: http://localhost:8765/hikaeshitsu/09/img/t_mizoguchi02.gif 200 OK
unlink: No such file or directory
2026-05-03 01:09:46 URL: http://localhost:8765/hikaeshitsu/09/img/pv_mizoguchi02.swf 200 OK
unlink: No such file or directory
2026-05-03 01:09:46 URL: http://localhost:8765/hikaeshitsu/09/img/t_mizoguchi03.gif 200 OK
unlink: No such file or directory
2026-05-03 01:09:46 URL: http://localhost:8765/hikaeshitsu/09/img/pv_mizoguchi03.swf 200 OK
unlink: No such file or directory
2026-05-03 01:09:46 URL: http://localhost:8765/hikaeshitsu/09/img/t_mizoguchi04.gif 200 OK
unlink: No such file or directory
2026-05-03 01:09:46 URL: http://localhost:8765/hikaeshitsu/09/img/pv_mizoguchi04.swf 200 OK
unlink: No such file or directory
2026-05-03 01:09:46 URL: http://localhost:8765/hikaeshitsu/09/img/t_mizoguchi05.gif 200 OK
unlink: No such file or directory
2026-05-03 01:09:46 URL: http://localhost:8765/hikaeshitsu/09/img/pv_mizoguchi05.swf 200 OK
unlink: No such file or directory
2026-05-03 01:09:46 URL: http://localhost:8765/hikaeshitsu/08/img/t_soiree01.gif 200 OK
unlink: No such file or directory
2026-05-03 01:09:46 URL: http://localhost:8765/hikaeshitsu/08/img/pv_soiree01.swf 200 OK
unlink: No such file or directory
2026-05-03 01:09:46 URL: http://localhost:8765/hikaeshitsu/08/img/t_soiree02.gif 200 OK
unlink: No such file or directory
2026-05-03 01:09:46 URL: http://localhost:8765/hikaeshitsu/08/img/pv_soiree02.swf 200 OK
unlink: No such file or directory
2026-05-03 01:09:46 URL: http://localhost:8765/hikaeshitsu/08/img/t_soiree03.gif 200 OK
unlink: No such file or directory
2026-05-03 01:09:46 URL: http://localhost:8765/hikaeshitsu/08/img/pv_soiree03.swf 200 OK
unlink: No such file or directory
2026-05-03 01:09:46 URL: http://localhost:8765/hikaeshitsu/08/img/t_soiree04.gif 200 OK
unlink: No such file or directory
2026-05-03 01:09:46 URL: http://localhost:8765/hikaeshitsu/08/img/pv_soiree04.swf 200 OK
unlink: No such file or directory
2026-05-03 01:09:46 URL: http://localhost:8765/hikaeshitsu/08/img/t_soiree05.gif 200 OK
unlink: No such file or directory
2026-05-03 01:09:46 URL: http://localhost:8765/hikaeshitsu/08/img/pv_soiree05.swf 200 OK
unlink: No such file or directory
2026-05-03 01:09:46 URL: http://localhost:8765/hikaeshitsu/08/img/t_lien01.gif 200 OK
unlink: No such file or directory
2026-05-03 01:09:46 URL: http://localhost:8765/hikaeshitsu/08/img/pv_lien01.swf 200 OK
unlink: No such file or directory
2026-05-03 01:09:46 URL: http://localhost:8765/hikaeshitsu/08/img/t_lien02.gif 200 OK
unlink: No such file or directory
2026-05-03 01:09:46 URL: http://localhost:8765/hikaeshitsu/08/img/pv_lien02.swf 200 OK
unlink: No such file or directory
2026-05-03 01:09:46 URL: http://localhost:8765/hikaeshitsu/08/img/t_lien03.gif 200 OK
unlink: No such file or directory
2026-05-03 01:09:46 URL: http://localhost:8765/hikaeshitsu/08/img/pv_lien03.swf 200 OK
unlink: No such file or directory
2026-05-03 01:09:46 URL: http://localhost:8765/hikaeshitsu/08/img/t_lien04.gif 200 OK
unlink: No such file or directory
2026-05-03 01:09:46 URL: http://localhost:8765/hikaeshitsu/08/img/pv_lien04.swf 200 OK
unlink: No such file or directory
2026-05-03 01:09:46 URL: http://localhost:8765/hikaeshitsu/08/img/t_lien05.gif 200 OK
unlink: No such file or directory
2026-05-03 01:09:46 URL: http://localhost:8765/hikaeshitsu/08/img/pv_lien05.swf 200 OK
unlink: No such file or directory
2026-05-03 01:09:46 URL: http://localhost:8765/hikaeshitsu/08/img/t_jivatma01.gif 200 OK
unlink: No such file or directory
2026-05-03 01:09:46 URL: http://localhost:8765/hikaeshitsu/08/img/pv_jivatma01.swf 200 OK
unlink: No such file or directory
2026-05-03 01:09:46 URL: http://localhost:8765/hikaeshitsu/08/img/t_jivatma02.gif 200 OK
unlink: No such file or directory
2026-05-03 01:09:46 URL: http://localhost:8765/hikaeshitsu/08/img/pv_jivatma02.swf 200 OK
unlink: No such file or directory
2026-05-03 01:09:46 URL: http://localhost:8765/hikaeshitsu/08/img/t_jivatma03.gif 200 OK
unlink: No such file or directory
2026-05-03 01:09:46 URL: http://localhost:8765/hikaeshitsu/08/img/pv_jivatma03.swf 200 OK
unlink: No such file or directory
2026-05-03 01:09:46 URL: http://localhost:8765/hikaeshitsu/08/img/t_jivatma04.gif 200 OK
unlink: No such file or directory
2026-05-03 01:09:46 URL: http://localhost:8765/hikaeshitsu/08/img/pv_jivatma04.swf 200 OK
unlink: No such file or directory
2026-05-03 01:09:46 URL: http://localhost:8765/hikaeshitsu/08/img/t_jivatma05.gif 200 OK
unlink: No such file or directory
2026-05-03 01:09:46 URL: http://localhost:8765/hikaeshitsu/08/img/pv_jivatma05.swf 200 OK
unlink: No such file or directory
2026-05-03 01:09:46 URL: http://localhost:8765/hikaeshitsu/07/img/t_mignon01.gif 200 OK
unlink: No such file or directory
2026-05-03 01:09:46 URL: http://localhost:8765/hikaeshitsu/07/img/pv_mignon01.swf 200 OK
unlink: No such file or directory
2026-05-03 01:09:46 URL: http://localhost:8765/hikaeshitsu/07/img/t_mignon02.gif 200 OK
unlink: No such file or directory
2026-05-03 01:09:46 URL: http://localhost:8765/hikaeshitsu/07/img/pv_mignon02.swf 200 OK
unlink: No such file or directory
2026-05-03 01:09:46 URL: http://localhost:8765/hikaeshitsu/07/img/t_mignon03.gif 200 OK
unlink: No such file or directory
2026-05-03 01:09:46 URL: http://localhost:8765/hikaeshitsu/07/img/pv_mignon03.swf 200 OK
unlink: No such file or directory
2026-05-03 01:09:46 URL: http://localhost:8765/hikaeshitsu/07/img/t_mignon04.gif 200 OK
unlink: No such file or directory
2026-05-03 01:09:46 URL: http://localhost:8765/hikaeshitsu/07/img/pv_mignon04.swf 200 OK
unlink: No such file or directory
2026-05-03 01:09:46 URL: http://localhost:8765/hikaeshitsu/07/img/t_mignon05.gif 200 OK
unlink: No such file or directory
2026-05-03 01:09:46 URL: http://localhost:8765/hikaeshitsu/07/img/pv_mignon05.swf 200 OK
unlink: No such file or directory
2026-05-03 01:09:46 URL: http://localhost:8765/hikaeshitsu/07/img/t_ninon01.gif 200 OK
unlink: No such file or directory
2026-05-03 01:09:46 URL: http://localhost:8765/hikaeshitsu/07/img/pv_ninon01.swf 200 OK
unlink: No such file or directory
2026-05-03 01:09:46 URL: http://localhost:8765/hikaeshitsu/07/img/t_ninon02.gif 200 OK
unlink: No such file or directory
2026-05-03 01:09:46 URL: http://localhost:8765/hikaeshitsu/07/img/pv_ninon02.swf 200 OK
unlink: No such file or directory
2026-05-03 01:09:46 URL: http://localhost:8765/hikaeshitsu/07/img/t_ninon03.gif 200 OK
unlink: No such file or directory
2026-05-03 01:09:46 URL: http://localhost:8765/hikaeshitsu/07/img/pv_ninon03.swf 200 OK
unlink: No such file or directory
2026-05-03 01:09:46 URL: http://localhost:8765/hikaeshitsu/07/img/t_ninon04.gif 200 OK
unlink: No such file or directory
2026-05-03 01:09:46 URL: http://localhost:8765/hikaeshitsu/07/img/pv_ninon04.swf 200 OK
unlink: No such file or directory
2026-05-03 01:09:46 URL: http://localhost:8765/hikaeshitsu/07/img/t_ninon05.gif 200 OK
unlink: No such file or directory
2026-05-03 01:09:46 URL: http://localhost:8765/hikaeshitsu/07/img/pv_ninon05.swf 200 OK
unlink: No such file or directory
2026-05-03 01:09:46 URL: http://localhost:8765/hikaeshitsu/07/img/t_ralf01.gif 200 OK
unlink: No such file or directory
2026-05-03 01:09:46 URL: http://localhost:8765/hikaeshitsu/07/img/pv_ralf01.swf 200 OK
unlink: No such file or directory
2026-05-03 01:09:46 URL: http://localhost:8765/hikaeshitsu/07/img/t_ralf02.gif 200 OK
unlink: No such file or directory
2026-05-03 01:09:46 URL: http://localhost:8765/hikaeshitsu/07/img/pv_ralf02.swf 200 OK
unlink: No such file or directory
2026-05-03 01:09:46 URL: http://localhost:8765/hikaeshitsu/07/img/t_ralf03.gif 200 OK
unlink: No such file or directory
2026-05-03 01:09:46 URL: http://localhost:8765/hikaeshitsu/07/img/pv_ralf03.swf 200 OK
unlink: No such file or directory
2026-05-03 01:09:46 URL: http://localhost:8765/hikaeshitsu/07/img/t_ralf04.gif 200 OK
unlink: No such file or directory
2026-05-03 01:09:46 URL: http://localhost:8765/hikaeshitsu/07/img/pv_ralf04.swf 200 OK
unlink: No such file or directory
2026-05-03 01:09:46 URL: http://localhost:8765/hikaeshitsu/07/img/t_ralf05.gif 200 OK
unlink: No such file or directory
2026-05-03 01:09:46 URL: http://localhost:8765/hikaeshitsu/07/img/pv_ralf05.swf 200 OK
unlink: No such file or directory
2026-05-03 01:09:46 URL: http://localhost:8765/hikaeshitsu/07/img/t_clark01.gif 200 OK
unlink: No such file or directory
2026-05-03 01:09:46 URL: http://localhost:8765/hikaeshitsu/07/img/pv_clark01.swf 200 OK
unlink: No such file or directory
2026-05-03 01:09:46 URL: http://localhost:8765/hikaeshitsu/07/img/t_clark02.gif 200 OK
unlink: No such file or directory
2026-05-03 01:09:46 URL: http://localhost:8765/hikaeshitsu/07/img/pv_clark02.swf 200 OK
unlink: No such file or directory
2026-05-03 01:09:46 URL: http://localhost:8765/hikaeshitsu/07/img/t_clark03.gif 200 OK
unlink: No such file or directory
2026-05-03 01:09:46 URL: http://localhost:8765/hikaeshitsu/07/img/pv_clark03.swf 200 OK
unlink: No such file or directory
2026-05-03 01:09:46 URL: http://localhost:8765/hikaeshitsu/07/img/t_clark04.gif 200 OK
unlink: No such file or directory
2026-05-03 01:09:46 URL: http://localhost:8765/hikaeshitsu/07/img/pv_clark04.swf 200 OK
unlink: No such file or directory
2026-05-03 01:09:46 URL: http://localhost:8765/hikaeshitsu/07/img/t_clark05.gif 200 OK
unlink: No such file or directory
2026-05-03 01:09:46 URL: http://localhost:8765/hikaeshitsu/07/img/pv_clark05.swf 200 OK
unlink: No such file or directory
2026-05-03 01:09:46 URL: http://localhost:8765/hikaeshitsu/06/img/t_mai01.gif 200 OK
unlink: No such file or directory
2026-05-03 01:09:46 URL: http://localhost:8765/hikaeshitsu/06/img/pv_mai01.swf 200 OK
unlink: No such file or directory
2026-05-03 01:09:46 URL: http://localhost:8765/hikaeshitsu/06/img/t_mai02.gif 200 OK
unlink: No such file or directory
2026-05-03 01:09:46 URL: http://localhost:8765/hikaeshitsu/06/img/pv_mai02.swf 200 OK
unlink: No such file or directory
2026-05-03 01:09:46 URL: http://localhost:8765/hikaeshitsu/06/img/t_mai03.gif 200 OK
unlink: No such file or directory
2026-05-03 01:09:46 URL: http://localhost:8765/hikaeshitsu/06/img/pv_mai03.swf 200 OK
unlink: No such file or directory
2026-05-03 01:09:46 URL: http://localhost:8765/hikaeshitsu/06/img/t_mai04.gif 200 OK
unlink: No such file or directory
2026-05-03 01:09:46 URL: http://localhost:8765/hikaeshitsu/06/img/pv_mai04.swf 200 OK
unlink: No such file or directory
2026-05-03 01:09:46 URL: http://localhost:8765/hikaeshitsu/06/img/t_mai05.gif 200 OK
unlink: No such file or directory
2026-05-03 01:09:46 URL: http://localhost:8765/hikaeshitsu/06/img/pv_mai05.swf 200 OK
unlink: No such file or directory
2026-05-03 01:09:46 URL: http://localhost:8765/hikaeshitsu/06/img/t_yuri01.gif 200 OK
unlink: No such file or directory
2026-05-03 01:09:46 URL: http://localhost:8765/hikaeshitsu/06/img/pv_yuri01.swf 200 OK
unlink: No such file or directory
2026-05-03 01:09:46 URL: http://localhost:8765/hikaeshitsu/06/img/t_yuri02.gif 200 OK
unlink: No such file or directory
2026-05-03 01:09:46 URL: http://localhost:8765/hikaeshitsu/06/img/pv_yuri02.swf 200 OK
unlink: No such file or directory
2026-05-03 01:09:46 URL: http://localhost:8765/hikaeshitsu/06/img/t_yuri03.gif 200 OK
unlink: No such file or directory
2026-05-03 01:09:46 URL: http://localhost:8765/hikaeshitsu/06/img/pv_yuri03.swf 200 OK
unlink: No such file or directory
2026-05-03 01:09:46 URL: http://localhost:8765/hikaeshitsu/06/img/t_yuri04.gif 200 OK
unlink: No such file or directory
2026-05-03 01:09:46 URL: http://localhost:8765/hikaeshitsu/06/img/pv_yuri04.swf 200 OK
unlink: No such file or directory
2026-05-03 01:09:46 URL: http://localhost:8765/hikaeshitsu/06/img/t_yuri05.gif 200 OK
unlink: No such file or directory
2026-05-03 01:09:46 URL: http://localhost:8765/hikaeshitsu/06/img/pv_yuri05.swf 200 OK
unlink: No such file or directory
2026-05-03 01:09:46 URL: http://localhost:8765/hikaeshitsu/06/img/t_richard01.gif 200 OK
unlink: No such file or directory
2026-05-03 01:09:46 URL: http://localhost:8765/hikaeshitsu/06/img/pv_richard01.swf 200 OK
unlink: No such file or directory
2026-05-03 01:09:46 URL: http://localhost:8765/hikaeshitsu/06/img/t_richard02.gif 200 OK
unlink: No such file or directory
2026-05-03 01:09:46 URL: http://localhost:8765/hikaeshitsu/06/img/pv_richard02.swf 200 OK
unlink: No such file or directory
2026-05-03 01:09:46 URL: http://localhost:8765/hikaeshitsu/06/img/t_richard03.gif 200 OK
unlink: No such file or directory
2026-05-03 01:09:46 URL: http://localhost:8765/hikaeshitsu/06/img/pv_richard03.swf 200 OK
unlink: No such file or directory
2026-05-03 01:09:46 URL: http://localhost:8765/hikaeshitsu/06/img/t_richard04.gif 200 OK
unlink: No such file or directory
2026-05-03 01:09:46 URL: http://localhost:8765/hikaeshitsu/06/img/pv_richard04.swf 200 OK
unlink: No such file or directory
2026-05-03 01:09:46 URL: http://localhost:8765/hikaeshitsu/06/img/t_richard05.gif 200 OK
unlink: No such file or directory
2026-05-03 01:09:46 URL: http://localhost:8765/hikaeshitsu/06/img/pv_richard05.swf 200 OK
unlink: No such file or directory
2026-05-03 01:09:46 URL: http://localhost:8765/hikaeshitsu/06/img/t_seth01.gif 200 OK
unlink: No such file or directory
2026-05-03 01:09:46 URL: http://localhost:8765/hikaeshitsu/06/img/pv_seth01.swf 200 OK
unlink: No such file or directory
2026-05-03 01:09:46 URL: http://localhost:8765/hikaeshitsu/06/img/t_seth02.gif 200 OK
unlink: No such file or directory
2026-05-03 01:09:46 URL: http://localhost:8765/hikaeshitsu/06/img/pv_seth02.swf 200 OK
unlink: No such file or directory
2026-05-03 01:09:46 URL: http://localhost:8765/hikaeshitsu/06/img/t_seth03.gif 200 OK
unlink: No such file or directory
2026-05-03 01:09:46 URL: http://localhost:8765/hikaeshitsu/06/img/pv_seth03.swf 200 OK
unlink: No such file or directory
2026-05-03 01:09:46 URL: http://localhost:8765/hikaeshitsu/06/img/t_seth04.gif 200 OK
unlink: No such file or directory
2026-05-03 01:09:46 URL: http://localhost:8765/hikaeshitsu/06/img/pv_seth04.swf 200 OK
unlink: No such file or directory
2026-05-03 01:09:46 URL: http://localhost:8765/hikaeshitsu/06/img/t_seth05.gif 200 OK
unlink: No such file or directory
2026-05-03 01:09:46 URL: http://localhost:8765/hikaeshitsu/06/img/pv_seth05.swf 200 OK
unlink: No such file or directory
2026-05-03 01:09:46 URL: http://localhost:8765/hikaeshitsu/05/img/t_w-wolf01.gif 200 OK
unlink: No such file or directory
2026-05-03 01:09:46 URL: http://localhost:8765/hikaeshitsu/05/img/pv_wildwolf01.swf 200 OK
unlink: No such file or directory
2026-05-03 01:09:46 URL: http://localhost:8765/hikaeshitsu/05/img/t_w-wolf02.gif 200 OK
unlink: No such file or directory
2026-05-03 01:09:46 URL: http://localhost:8765/hikaeshitsu/05/img/pv_wildwolf02.swf 200 OK
unlink: No such file or directory
2026-05-03 01:09:46 URL: http://localhost:8765/hikaeshitsu/05/img/t_w-wolf03.gif 200 OK
unlink: No such file or directory
2026-05-03 01:09:46 URL: http://localhost:8765/hikaeshitsu/05/img/pv_video_wildwolf03.swf 200 OK
unlink: No such file or directory
2026-05-03 01:09:46 URL: http://localhost:8765/hikaeshitsu/05/img/t_w-wolf04.gif 200 OK
unlink: No such file or directory
2026-05-03 01:09:46 URL: http://localhost:8765/hikaeshitsu/05/img/pv_video_wildwolf04.swf 200 OK
unlink: No such file or directory
2026-05-03 01:09:46 URL: http://localhost:8765/hikaeshitsu/05/img/t_w-wolf05.gif 200 OK
unlink: No such file or directory
2026-05-03 01:09:46 URL: http://localhost:8765/hikaeshitsu/05/img/pv_video_wildwolf05.swf 200 OK
unlink: No such file or directory
2026-05-03 01:09:46 URL: http://localhost:8765/hikaeshitsu/05/img/t_rock01.gif 200 OK
unlink: No such file or directory
2026-05-03 01:09:46 URL: http://localhost:8765/hikaeshitsu/05/img/pv_rock01.swf 200 OK
unlink: No such file or directory
2026-05-03 01:09:46 URL: http://localhost:8765/hikaeshitsu/05/img/t_rock02.gif 200 OK
unlink: No such file or directory
2026-05-03 01:09:46 URL: http://localhost:8765/hikaeshitsu/05/img/pv_rock02.swf 200 OK
unlink: No such file or directory
2026-05-03 01:09:46 URL: http://localhost:8765/hikaeshitsu/05/img/t_rock03.gif 200 OK
unlink: No such file or directory
2026-05-03 01:09:46 URL: http://localhost:8765/hikaeshitsu/05/img/pv_rock03.swf 200 OK
unlink: No such file or directory
2026-05-03 01:09:46 URL: http://localhost:8765/hikaeshitsu/05/img/t_rock04.gif 200 OK
unlink: No such file or directory
2026-05-03 01:09:46 URL: http://localhost:8765/hikaeshitsu/05/img/pv_rock04.swf 200 OK
unlink: No such file or directory
2026-05-03 01:09:46 URL: http://localhost:8765/hikaeshitsu/05/img/t_rock05.gif 200 OK
unlink: No such file or directory
2026-05-03 01:09:46 URL: http://localhost:8765/hikaeshitsu/05/img/pv_rock05.swf 200 OK
unlink: No such file or directory
2026-05-03 01:09:46 URL: http://localhost:8765/hikaeshitsu/05/img/t_billy01.gif 200 OK
unlink: No such file or directory
2026-05-03 01:09:46 URL: http://localhost:8765/hikaeshitsu/05/img/pv_billy01.swf 200 OK
unlink: No such file or directory
2026-05-03 01:09:46 URL: http://localhost:8765/hikaeshitsu/05/img/t_billy02.gif 200 OK
unlink: No such file or directory
2026-05-03 01:09:46 URL: http://localhost:8765/hikaeshitsu/05/img/pv_billy02.swf 200 OK
unlink: No such file or directory
2026-05-03 01:09:46 URL: http://localhost:8765/hikaeshitsu/05/img/t_billy03.gif 200 OK
unlink: No such file or directory
2026-05-03 01:09:46 URL: http://localhost:8765/hikaeshitsu/05/img/pv_billy03.swf 200 OK
unlink: No such file or directory
2026-05-03 01:09:46 URL: http://localhost:8765/hikaeshitsu/05/img/t_billy04.gif 200 OK
unlink: No such file or directory
2026-05-03 01:09:46 URL: http://localhost:8765/hikaeshitsu/05/img/pv_billy04.swf 200 OK
unlink: No such file or directory
2026-05-03 01:09:46 URL: http://localhost:8765/hikaeshitsu/05/img/t_billy05.gif 200 OK
unlink: No such file or directory
2026-05-03 01:09:46 URL: http://localhost:8765/hikaeshitsu/05/img/pv_billy05.swf 200 OK
unlink: No such file or directory
2026-05-03 01:09:46 URL: http://localhost:8765/hikaeshitsu/05/img/t_fio01.gif 200 OK
unlink: No such file or directory
2026-05-03 01:09:46 URL: http://localhost:8765/hikaeshitsu/05/img/pv_fio01.swf 200 OK
unlink: No such file or directory
2026-05-03 01:09:46 URL: http://localhost:8765/hikaeshitsu/05/img/t_fio02.gif 200 OK
unlink: No such file or directory
2026-05-03 01:09:46 URL: http://localhost:8765/hikaeshitsu/05/img/pv_fio02.swf 200 OK
unlink: No such file or directory
2026-05-03 01:09:46 URL: http://localhost:8765/hikaeshitsu/05/img/t_fio03.gif 200 OK
unlink: No such file or directory
2026-05-03 01:09:46 URL: http://localhost:8765/hikaeshitsu/05/img/pv_fio03.swf 200 OK
unlink: No such file or directory
2026-05-03 01:09:46 URL: http://localhost:8765/hikaeshitsu/05/img/t_fio04.gif 200 OK
unlink: No such file or directory
2026-05-03 01:09:46 URL: http://localhost:8765/hikaeshitsu/05/img/pv_fio04.swf 200 OK
unlink: No such file or directory
2026-05-03 01:09:46 URL: http://localhost:8765/hikaeshitsu/05/img/t_fio05.gif 200 OK
unlink: No such file or directory
2026-05-03 01:09:46 URL: http://localhost:8765/hikaeshitsu/05/img/pv_fio05.swf 200 OK
unlink: No such file or directory
2026-05-03 01:09:46 URL: http://localhost:8765/hikaeshitsu/04/img/t_luise01.gif 200 OK
unlink: No such file or directory
2026-05-03 01:09:46 URL: http://localhost:8765/hikaeshitsu/04/img/pv_luise01.swf 200 OK
unlink: No such file or directory
2026-05-03 01:09:46 URL: http://localhost:8765/hikaeshitsu/04/img/t_luise02.gif 200 OK
unlink: No such file or directory
2026-05-03 01:09:46 URL: http://localhost:8765/hikaeshitsu/04/img/pv_luise02.swf 200 OK
unlink: No such file or directory
2026-05-03 01:09:46 URL: http://localhost:8765/hikaeshitsu/04/img/t_luise03.gif 200 OK
unlink: No such file or directory
2026-05-03 01:09:46 URL: http://localhost:8765/hikaeshitsu/04/img/pv_luise03.swf 200 OK
unlink: No such file or directory
2026-05-03 01:09:46 URL: http://localhost:8765/hikaeshitsu/04/img/t_luise04.gif 200 OK
unlink: No such file or directory
2026-05-03 01:09:46 URL: http://localhost:8765/hikaeshitsu/04/img/pv_luise04.swf 200 OK
unlink: No such file or directory
2026-05-03 01:09:46 URL: http://localhost:8765/hikaeshitsu/04/img/t_luise05.gif 200 OK
unlink: No such file or directory
2026-05-03 01:09:46 URL: http://localhost:8765/hikaeshitsu/04/img/pv_luise05.swf 200 OK
unlink: No such file or directory
2026-05-03 01:09:46 URL: http://localhost:8765/hikaeshitsu/04/img/t_kim01.gif 200 OK
unlink: No such file or directory
2026-05-03 01:09:46 URL: http://localhost:8765/hikaeshitsu/04/img/pv_kim01.swf 200 OK
unlink: No such file or directory
2026-05-03 01:09:46 URL: http://localhost:8765/hikaeshitsu/04/img/t_kim02.gif 200 OK
unlink: No such file or directory
2026-05-03 01:09:46 URL: http://localhost:8765/hikaeshitsu/04/img/pv_kim02.swf 200 OK
unlink: No such file or directory
2026-05-03 01:09:46 URL: http://localhost:8765/hikaeshitsu/04/img/t_kim03.gif 200 OK
unlink: No such file or directory
2026-05-03 01:09:46 URL: http://localhost:8765/hikaeshitsu/04/img/pv_kim03.swf 200 OK
unlink: No such file or directory
2026-05-03 01:09:46 URL: http://localhost:8765/hikaeshitsu/04/img/t_kim04.gif 200 OK
unlink: No such file or directory
2026-05-03 01:09:46 URL: http://localhost:8765/hikaeshitsu/04/img/pv_kim04.swf 200 OK
unlink: No such file or directory
2026-05-03 01:09:46 URL: http://localhost:8765/hikaeshitsu/04/img/t_kim05.gif 200 OK
unlink: No such file or directory
2026-05-03 01:09:46 URL: http://localhost:8765/hikaeshitsu/04/img/pv_kim05.swf 200 OK
unlink: No such file or directory
2026-05-03 01:09:46 URL: http://localhost:8765/hikaeshitsu/04/img/t_ryo01.gif 200 OK
unlink: No such file or directory
2026-05-03 01:09:46 URL: http://localhost:8765/hikaeshitsu/04/img/pv_ryo01.swf 200 OK
unlink: No such file or directory
2026-05-03 01:09:46 URL: http://localhost:8765/hikaeshitsu/04/img/t_ryo02.gif 200 OK
unlink: No such file or directory
2026-05-03 01:09:46 URL: http://localhost:8765/hikaeshitsu/04/img/pv_ryo02.swf 200 OK
unlink: No such file or directory
2026-05-03 01:09:46 URL: http://localhost:8765/hikaeshitsu/04/img/t_ryo03.gif 200 OK
unlink: No such file or directory
2026-05-03 01:09:46 URL: http://localhost:8765/hikaeshitsu/04/img/pv_ryo03.swf 200 OK
unlink: No such file or directory
2026-05-03 01:09:46 URL: http://localhost:8765/hikaeshitsu/04/img/t_ryo04.gif 200 OK
unlink: No such file or directory
2026-05-03 01:09:46 URL: http://localhost:8765/hikaeshitsu/04/img/pv_ryo04.swf 200 OK
unlink: No such file or directory
2026-05-03 01:09:46 URL: http://localhost:8765/hikaeshitsu/04/img/t_ryo05.gif 200 OK
unlink: No such file or directory
2026-05-03 01:09:46 URL: http://localhost:8765/hikaeshitsu/04/img/pv_ryo05.swf 200 OK
unlink: No such file or directory
2026-05-03 01:09:46 URL: http://localhost:8765/hikaeshitsu/04/img/t_geese01.gif 200 OK
unlink: No such file or directory
2026-05-03 01:09:46 URL: http://localhost:8765/hikaeshitsu/04/img/pv_nightmaregeese01.swf 200 OK
unlink: No such file or directory
2026-05-03 01:09:46 URL: http://localhost:8765/hikaeshitsu/04/img/t_geese02.gif 200 OK
unlink: No such file or directory
2026-05-03 01:09:46 URL: http://localhost:8765/hikaeshitsu/04/img/pv_nightmaregeese02.swf 200 OK
unlink: No such file or directory
2026-05-03 01:09:46 URL: http://localhost:8765/hikaeshitsu/04/img/t_geese03.gif 200 OK
unlink: No such file or directory
2026-05-03 01:09:46 URL: http://localhost:8765/hikaeshitsu/04/img/pv_nightmaregeese03.swf 200 OK
unlink: No such file or directory
2026-05-03 01:09:46 URL: http://localhost:8765/hikaeshitsu/04/img/t_geese04.gif 200 OK
unlink: No such file or directory
2026-05-03 01:09:46 URL: http://localhost:8765/hikaeshitsu/04/img/pv_nightmaregeese04.swf 200 OK
unlink: No such file or directory
2026-05-03 01:09:46 URL: http://localhost:8765/hikaeshitsu/04/img/t_geese05.gif 200 OK
unlink: No such file or directory
2026-05-03 01:09:46 URL: http://localhost:8765/hikaeshitsu/04/img/pv_nightmaregeese05.swf 200 OK
unlink: No such file or directory
2026-05-03 01:09:46 URL: http://localhost:8765/hikaeshitsu/03/img/t_hanzo01.gif 200 OK
unlink: No such file or directory
2026-05-03 01:09:46 URL: http://localhost:8765/hikaeshitsu/03/img/pv_hanzo01.swf 200 OK
unlink: No such file or directory
2026-05-03 01:09:46 URL: http://localhost:8765/hikaeshitsu/03/img/t_hanzo02.gif 200 OK
unlink: No such file or directory
2026-05-03 01:09:46 URL: http://localhost:8765/hikaeshitsu/03/img/pv_hanzo02.swf 200 OK
unlink: No such file or directory
2026-05-03 01:09:46 URL: http://localhost:8765/hikaeshitsu/03/img/t_hanzo03.gif 200 OK
unlink: No such file or directory
Read error (Connection reset by peer) in headers.
2026-05-03 01:09:47 URL: http://localhost:8765/hikaeshitsu/03/img/pv_hanzo03.swf 200 OK
unlink: No such file or directory
2026-05-03 01:09:47 URL: http://localhost:8765/hikaeshitsu/03/img/t_hanzo04.gif 200 OK
unlink: No such file or directory
2026-05-03 01:09:47 URL: http://localhost:8765/hikaeshitsu/03/img/pv_hanzo04.swf 200 OK
unlink: No such file or directory
2026-05-03 01:09:47 URL: http://localhost:8765/hikaeshitsu/03/img/t_hanzo05.gif 200 OK
unlink: No such file or directory
2026-05-03 01:09:47 URL: http://localhost:8765/hikaeshitsu/03/img/pv_hanzo05.swf 200 OK
unlink: No such file or directory
2026-05-03 01:09:47 URL: http://localhost:8765/hikaeshitsu/03/img/t_nagase01.gif 200 OK
unlink: No such file or directory
2026-05-03 01:09:47 URL: http://localhost:8765/hikaeshitsu/03/img/pv_nagase01.swf 200 OK
unlink: No such file or directory
2026-05-03 01:09:47 URL: http://localhost:8765/hikaeshitsu/03/img/t_nagase02.gif 200 OK
unlink: No such file or directory
2026-05-03 01:09:47 URL: http://localhost:8765/hikaeshitsu/03/img/pv_nagase02.swf 200 OK
unlink: No such file or directory
2026-05-03 01:09:47 URL: http://localhost:8765/hikaeshitsu/03/img/t_nagase03.gif 200 OK
unlink: No such file or directory
2026-05-03 01:09:47 URL: http://localhost:8765/hikaeshitsu/03/img/pv_nagase03.swf 200 OK
unlink: No such file or directory
2026-05-03 01:09:47 URL: http://localhost:8765/hikaeshitsu/03/img/t_nagase04.gif 200 OK
unlink: No such file or directory
2026-05-03 01:09:47 URL: http://localhost:8765/hikaeshitsu/03/img/pv_nagase04.swf 200 OK
unlink: No such file or directory
2026-05-03 01:09:47 URL: http://localhost:8765/hikaeshitsu/03/img/t_nagase05.gif 200 OK
unlink: No such file or directory
2026-05-03 01:09:47 URL: http://localhost:8765/hikaeshitsu/03/img/pv_nagase05.swf 200 OK
unlink: No such file or directory
2026-05-03 01:09:47 URL: http://localhost:8765/hikaeshitsu/03/img/t_jenet01.gif 200 OK
unlink: No such file or directory
2026-05-03 01:09:47 URL: http://localhost:8765/hikaeshitsu/03/img/pv_jenet01.swf 200 OK
unlink: No such file or directory
2026-05-03 01:09:47 URL: http://localhost:8765/hikaeshitsu/03/img/t_jenet02.gif 200 OK
unlink: No such file or directory
2026-05-03 01:09:47 URL: http://localhost:8765/hikaeshitsu/03/img/pv_jenet02.swf 200 OK
unlink: No such file or directory
2026-05-03 01:09:47 URL: http://localhost:8765/hikaeshitsu/03/img/t_jenet03.gif 200 OK
unlink: No such file or directory
Read error (Connection reset by peer) in headers.
2026-05-03 01:09:48 URL: http://localhost:8765/hikaeshitsu/03/img/pv_jenet03.swf 200 OK
unlink: No such file or directory
2026-05-03 01:09:48 URL: http://localhost:8765/hikaeshitsu/03/img/t_jenet04.gif 200 OK
unlink: No such file or directory
2026-05-03 01:09:48 URL: http://localhost:8765/hikaeshitsu/03/img/pv_jenet04.swf 200 OK
unlink: No such file or directory
2026-05-03 01:09:48 URL: http://localhost:8765/hikaeshitsu/03/img/t_jenet05.gif 200 OK
unlink: No such file or directory
2026-05-03 01:09:48 URL: http://localhost:8765/hikaeshitsu/03/img/pv_jenet05.swf 200 OK
unlink: No such file or directory
2026-05-03 01:09:48 URL: http://localhost:8765/hikaeshitsu/03/img/t_chaelim01.gif 200 OK
unlink: No such file or directory
2026-05-03 01:09:48 URL: http://localhost:8765/hikaeshitsu/03/img/pv_chaelim01.swf 200 OK
unlink: No such file or directory
2026-05-03 01:09:48 URL: http://localhost:8765/hikaeshitsu/03/img/t_chaelim02.gif 200 OK
unlink: No such file or directory
2026-05-03 01:09:48 URL: http://localhost:8765/hikaeshitsu/03/img/pv_chaelim02.swf 200 OK
unlink: No such file or directory
2026-05-03 01:09:48 URL: http://localhost:8765/hikaeshitsu/03/img/t_chaelim03.gif 200 OK
unlink: No such file or directory
2026-05-03 01:09:48 URL: http://localhost:8765/hikaeshitsu/03/img/pv_chaelim03.swf 200 OK
unlink: No such file or directory
2026-05-03 01:09:48 URL: http://localhost:8765/hikaeshitsu/03/img/t_chaelim04.gif 200 OK
unlink: No such file or directory
2026-05-03 01:09:48 URL: http://localhost:8765/hikaeshitsu/03/img/pv_chaelim04.swf 200 OK
unlink: No such file or directory
2026-05-03 01:09:48 URL: http://localhost:8765/hikaeshitsu/03/img/t_chaelim05.gif 200 OK
unlink: No such file or directory
2026-05-03 01:09:48 URL: http://localhost:8765/hikaeshitsu/03/img/pv_chaelim05.swf 200 OK
unlink: No such file or directory
2026-05-03 01:09:48 URL: http://localhost:8765/hikaeshitsu/02/img/t_kula01.gif 200 OK
unlink: No such file or directory
2026-05-03 01:09:48 URL: http://localhost:8765/hikaeshitsu/02/img/pv_kula01.swf 200 OK
unlink: No such file or directory
2026-05-03 01:09:48 URL: http://localhost:8765/hikaeshitsu/02/img/t_kula02.gif 200 OK
unlink: No such file or directory
2026-05-03 01:09:48 URL: http://localhost:8765/hikaeshitsu/02/img/pv_kula02.swf 200 OK
unlink: No such file or directory
2026-05-03 01:09:48 URL: http://localhost:8765/hikaeshitsu/02/img/t_kula03.gif 200 OK
unlink: No such file or directory
2026-05-03 01:09:48 URL: http://localhost:8765/hikaeshitsu/02/img/pv_kula03.swf 200 OK
unlink: No such file or directory
2026-05-03 01:09:48 URL: http://localhost:8765/hikaeshitsu/02/img/t_kula04.gif 200 OK
unlink: No such file or directory
2026-05-03 01:09:48 URL: http://localhost:8765/hikaeshitsu/02/img/pv_kula04.swf 200 OK
unlink: No such file or directory
2026-05-03 01:09:48 URL: http://localhost:8765/hikaeshitsu/02/img/t_kula05.gif 200 OK
unlink: No such file or directory
2026-05-03 01:09:48 URL: http://localhost:8765/hikaeshitsu/02/img/pv_kula05.swf 200 OK
unlink: No such file or directory
2026-05-03 01:09:48 URL: http://localhost:8765/hikaeshitsu/02/img/t_kyo_c01.gif 200 OK
unlink: No such file or directory
2026-05-03 01:09:48 URL: http://localhost:8765/hikaeshitsu/02/img/pv_kyoclassic01.swf 200 OK
unlink: No such file or directory
2026-05-03 01:09:48 URL: http://localhost:8765/hikaeshitsu/02/img/t_kyo_c02.gif 200 OK
unlink: No such file or directory
2026-05-03 01:09:48 URL: http://localhost:8765/hikaeshitsu/02/img/pv_kyoclassic02.swf 200 OK
unlink: No such file or directory
2026-05-03 01:09:48 URL: http://localhost:8765/hikaeshitsu/02/img/t_kyo_c03.gif 200 OK
unlink: No such file or directory
2026-05-03 01:09:48 URL: http://localhost:8765/hikaeshitsu/02/img/pv_kyoclassic03.swf 200 OK
unlink: No such file or directory
2026-05-03 01:09:48 URL: http://localhost:8765/hikaeshitsu/02/img/t_kyo_c04.gif 200 OK
unlink: No such file or directory
2026-05-03 01:09:48 URL: http://localhost:8765/hikaeshitsu/02/img/pv_kyoclassic04.swf 200 OK
unlink: No such file or directory
2026-05-03 01:09:48 URL: http://localhost:8765/hikaeshitsu/02/img/t_kyo_c05.gif 200 OK
unlink: No such file or directory
2026-05-03 01:09:48 URL: http://localhost:8765/hikaeshitsu/02/img/pv_kyoclassic05.swf 200 OK
unlink: No such file or directory
2026-05-03 01:09:48 URL: http://localhost:8765/hikaeshitsu/02/img/t_maxima01.gif 200 OK
unlink: No such file or directory
2026-05-03 01:09:48 URL: http://localhost:8765/hikaeshitsu/02/img/pv_maxima01.swf 200 OK
unlink: No such file or directory
2026-05-03 01:09:48 URL: http://localhost:8765/hikaeshitsu/02/img/t_maxima02.gif 200 OK
unlink: No such file or directory
2026-05-03 01:09:48 URL: http://localhost:8765/hikaeshitsu/02/img/pv_maxima02.swf 200 OK
unlink: No such file or directory
2026-05-03 01:09:48 URL: http://localhost:8765/hikaeshitsu/02/img/t_maxima03.gif 200 OK
unlink: No such file or directory
2026-05-03 01:09:48 URL: http://localhost:8765/hikaeshitsu/02/img/pv_maxima03.swf 200 OK
unlink: No such file or directory
2026-05-03 01:09:48 URL: http://localhost:8765/hikaeshitsu/02/img/t_maxima04.gif 200 OK
unlink: No such file or directory
2026-05-03 01:09:48 URL: http://localhost:8765/hikaeshitsu/02/img/pv_maxima04.swf 200 OK
unlink: No such file or directory
2026-05-03 01:09:48 URL: http://localhost:8765/hikaeshitsu/02/img/t_maxima05.gif 200 OK
unlink: No such file or directory
2026-05-03 01:09:48 URL: http://localhost:8765/hikaeshitsu/02/img/pv_maxima05.swf 200 OK
unlink: No such file or directory
2026-05-03 01:09:48 URL: http://localhost:8765/hikaeshitsu/02/img/t_hyena01.gif 200 OK
unlink: No such file or directory
2026-05-03 01:09:48 URL: http://localhost:8765/hikaeshitsu/02/img/pv_hyena01.swf 200 OK
unlink: No such file or directory
2026-05-03 01:09:48 URL: http://localhost:8765/hikaeshitsu/02/img/t_hyena02.gif 200 OK
unlink: No such file or directory
2026-05-03 01:09:48 URL: http://localhost:8765/hikaeshitsu/02/img/pv_hyena02.swf 200 OK
unlink: No such file or directory
2026-05-03 01:09:48 URL: http://localhost:8765/hikaeshitsu/02/img/t_hyena03.gif 200 OK
unlink: No such file or directory
2026-05-03 01:09:48 URL: http://localhost:8765/hikaeshitsu/02/img/pv_hyena03.swf 200 OK
unlink: No such file or directory
2026-05-03 01:09:48 URL: http://localhost:8765/hikaeshitsu/02/img/t_hyena04.gif 200 OK
unlink: No such file or directory
2026-05-03 01:09:48 URL: http://localhost:8765/hikaeshitsu/02/img/pv_hyena04.swf 200 OK
unlink: No such file or directory
2026-05-03 01:09:48 URL: http://localhost:8765/hikaeshitsu/02/img/t_hyena05.gif 200 OK
unlink: No such file or directory
2026-05-03 01:09:48 URL: http://localhost:8765/hikaeshitsu/02/img/pv_hyena05.swf 200 OK
unlink: No such file or directory
2026-05-03 01:09:48 URL: http://localhost:8765/hikaeshitsu/01/img/t_kyo01.gif 200 OK
unlink: No such file or directory
2026-05-03 01:09:48 URL: http://localhost:8765/hikaeshitsu/01/img/pv_kyo01.swf 200 OK
unlink: No such file or directory
2026-05-03 01:09:48 URL: http://localhost:8765/hikaeshitsu/01/img/t_kyo02.gif 200 OK
unlink: No such file or directory
2026-05-03 01:09:48 URL: http://localhost:8765/hikaeshitsu/01/img/pv_kyo02.swf 200 OK
unlink: No such file or directory
2026-05-03 01:09:48 URL: http://localhost:8765/hikaeshitsu/01/img/t_kyo03.gif 200 OK
unlink: No such file or directory
2026-05-03 01:09:48 URL: http://localhost:8765/hikaeshitsu/01/img/pv_kyo03.swf 200 OK
unlink: No such file or directory
2026-05-03 01:09:48 URL: http://localhost:8765/hikaeshitsu/01/img/t_kyo04.gif 200 OK
unlink: No such file or directory
2026-05-03 01:09:48 URL: http://localhost:8765/hikaeshitsu/01/img/pv_kyo04.swf 200 OK
unlink: No such file or directory
2026-05-03 01:09:48 URL: http://localhost:8765/hikaeshitsu/01/img/t_kyo05.gif 200 OK
unlink: No such file or directory
2026-05-03 01:09:48 URL: http://localhost:8765/hikaeshitsu/01/img/pv_kyo05.swf 200 OK
unlink: No such file or directory
2026-05-03 01:09:48 URL: http://localhost:8765/hikaeshitsu/01/img/t_deuke01.gif 200 OK
unlink: No such file or directory
2026-05-03 01:09:48 URL: http://localhost:8765/hikaeshitsu/01/img/pv_duke01.swf 200 OK
unlink: No such file or directory
2026-05-03 01:09:48 URL: http://localhost:8765/hikaeshitsu/01/img/t_deuke02.gif 200 OK
unlink: No such file or directory
2026-05-03 01:09:48 URL: http://localhost:8765/hikaeshitsu/01/img/pv_duke02.swf 200 OK
unlink: No such file or directory
2026-05-03 01:09:48 URL: http://localhost:8765/hikaeshitsu/01/img/t_deuke03.gif 200 OK
unlink: No such file or directory
2026-05-03 01:09:48 URL: http://localhost:8765/hikaeshitsu/01/img/pv_duke03.swf 200 OK
unlink: No such file or directory
2026-05-03 01:09:48 URL: http://localhost:8765/hikaeshitsu/01/img/t_deuke04.gif 200 OK
unlink: No such file or directory
2026-05-03 01:09:48 URL: http://localhost:8765/hikaeshitsu/01/img/pv_duke04.swf 200 OK
unlink: No such file or directory
2026-05-03 01:09:48 URL: http://localhost:8765/hikaeshitsu/01/img/t_deuke05.gif 200 OK
unlink: No such file or directory
2026-05-03 01:09:48 URL: http://localhost:8765/hikaeshitsu/01/img/pv_duke05.swf 200 OK
unlink: No such file or directory
Found 1 broken link.

http://localhost:8765/falcoon/index.html

FINISHED --2026-05-03 01:09:48--
Total wall clock time: 10s
Downloaded: 48 files, 2.1M in 0.005s (431 MB/s)
